<?xml version="1.0" encoding="UTF-8"?>
<!-- Generated by org.testng.reporters.JUnitReportReporter -->
<testsuite hostname="XB10110" failures="0" tests="5" name="com.api.tests.createTokenAPI" time="48.128" errors="0" timestamp="2026-04-13T17:05:01 IST" skipped="0">
  <testcase classname="com.api.tests.createTokenAPI" name="allocateAWB" time="0.458"/>
  <testcase classname="com.api.tests.createTokenAPI" name="createToken" time="5.586"/>
  <testcase classname="com.api.tests.createTokenAPI" name="confirmTrip" time="0.632"/>
  <testcase classname="com.api.tests.createTokenAPI" name="manifestAWB" time="41.075"/>
  <testcase classname="com.api.tests.createTokenAPI" name="inscanAWB" time="0.377"/>
</testsuite> <!-- com.api.tests.createTokenAPI -->
